20:40:29,821 |-INFO in ch.qos.logback.classic.LoggerContext[default] - This is logback-classic version 1.5.11
20:40:29,824 |-INFO in ch.qos.logback.classic.util.ContextInitializer@757acd7b - Here is a list of configurators discovered as a service, by rank: 
20:40:29,825 |-INFO in ch.qos.logback.classic.util.ContextInitializer@757acd7b -   org.springframework.boot.logging.logback.RootLogLevelConfigurator
20:40:29,825 |-INFO in ch.qos.logback.classic.util.ContextInitializer@757acd7b - They will be invoked in order until ExecutionStatus.DO_NOT_INVOKE_NEXT_IF_ANY is returned.
20:40:29,825 |-INFO in ch.qos.logback.classic.util.ContextInitializer@757acd7b - Constructed configurator of type class org.springframework.boot.logging.logback.RootLogLevelConfigurator
20:40:29,830 |-INFO in ch.qos.logback.classic.util.ContextInitializer@757acd7b - org.springframework.boot.logging.logback.RootLogLevelConfigurator.configure() call lasted 0 milliseconds. ExecutionStatus=INVOKE_NEXT_IF_ANY
20:40:29,830 |-INFO in ch.qos.logback.classic.util.ContextInitializer@757acd7b - Trying to configure with ch.qos.logback.classic.joran.SerializedModelConfigurator
20:40:29,831 |-INFO in ch.qos.logback.classic.util.ContextInitializer@757acd7b - Constructed configurator of type class ch.qos.logback.classic.joran.SerializedModelConfigurator
20:40:29,833 |-INFO in ch.qos.logback.classic.LoggerContext[default] - Could NOT find resource [logback-test.scmo]
20:40:29,833 |-INFO in ch.qos.logback.classic.LoggerContext[default] - Could NOT find resource [logback.scmo]
20:40:29,833 |-INFO in ch.qos.logback.classic.util.ContextInitializer@757acd7b - ch.qos.logback.classic.joran.SerializedModelConfigurator.configure() call lasted 2 milliseconds. ExecutionStatus=INVOKE_NEXT_IF_ANY
20:40:29,833 |-INFO in ch.qos.logback.classic.util.ContextInitializer@757acd7b - Trying to configure with ch.qos.logback.classic.util.DefaultJoranConfigurator
20:40:29,835 |-INFO in ch.qos.logback.classic.util.ContextInitializer@757acd7b - Constructed configurator of type class ch.qos.logback.classic.util.DefaultJoranConfigurator
20:40:29,836 |-INFO in ch.qos.logback.classic.LoggerContext[default] - Could NOT find resource [logback-test.xml]
20:40:29,837 |-INFO in ch.qos.logback.classic.LoggerContext[default] - Found resource [logback.xml] at [jar:nested:/C:/Users/juanc/Desktop/backend1/ms-solicitudes/target/ms-solicitudes-0.0.1-SNAPSHOT.jar/!BOOT-INF/classes/!/logback.xml]
20:40:29,851 |-INFO in ConfigurationWatchList(mainURL=jar:nested:/C:/Users/juanc/Desktop/backend1/ms-solicitudes/target/ms-solicitudes-0.0.1-SNAPSHOT.jar/!BOOT-INF/classes/!/logback.xml, fileWatchList={}, urlWatchList=[}) - URL [jar:nested:/C:/Users/juanc/Desktop/backend1/ms-solicitudes/target/ms-solicitudes-0.0.1-SNAPSHOT.jar/!BOOT-INF/classes/!/logback.xml] is not of type file
20:40:29,989 |-INFO in ch.qos.logback.core.model.processor.ModelInterpretationContext@69fb6037 - value "C:\Users\juanc\AppData\Local\Temp\/spring.log" substituted for "${LOG_FILE:-${LOG_PATH:-${LOG_TEMP:-${java.io.tmpdir:-/tmp}}/}spring.log}"
20:40:30,006 |-WARN in ch.qos.logback.core.model.processor.ImplicitModelHandler - Ignoring unknown property [springProfile] in [ch.qos.logback.classic.LoggerContext]
20:40:30,006 |-WARN in ch.qos.logback.core.model.processor.ImplicitModelHandler - Ignoring unknown property [springProfile] in [ch.qos.logback.classic.LoggerContext]
20:40:30,010 |-INFO in ch.qos.logback.core.model.processor.AppenderModelHandler - Processing appender named [CONSOLE]
20:40:30,010 |-INFO in ch.qos.logback.core.model.processor.AppenderModelHandler - About to instantiate appender of type [ch.qos.logback.core.ConsoleAppender]
20:40:30,053 |-WARN in ch.qos.logback.core.ConsoleAppender[CONSOLE] - This appender no longer admits a layout as a sub-component, set an encoder instead.
20:40:30,053 |-WARN in ch.qos.logback.core.ConsoleAppender[CONSOLE] - To ensure compatibility, wrapping your layout in LayoutWrappingEncoder.
20:40:30,053 |-WARN in ch.qos.logback.core.ConsoleAppender[CONSOLE] - See also http://logback.qos.ch/codes.html#layoutInsteadOfEncoder for details
20:40:30,053 |-INFO in ch.qos.logback.core.model.processor.AppenderModelHandler - Processing appender named [FILE]
20:40:30,053 |-INFO in ch.qos.logback.core.model.processor.AppenderModelHandler - About to instantiate appender of type [ch.qos.logback.core.rolling.RollingFileAppender]
20:40:30,056 |-INFO in ch.qos.logback.core.model.processor.ModelInterpretationContext@69fb6037 - value "./logs/ms-solicitudes.log" substituted for "${LOG_DIR}/ms-solicitudes.log"
20:40:30,057 |-INFO in ch.qos.logback.core.model.processor.ImplicitModelHandler - Assuming default type [ch.qos.logback.classic.encoder.PatternLayoutEncoder] for [encoder] property
20:40:30,060 |-INFO in ch.qos.logback.core.model.processor.ModelInterpretationContext@69fb6037 - value "./logs/ms-solicitudes-%d{yyyy-MM-dd}.%i.log" substituted for "${LOG_DIR}/ms-solicitudes-%d{yyyy-MM-dd}.%i.log"
20:40:30,060 |-INFO in ch.qos.logback.core.model.processor.ModelInterpretationContext@69fb6037 - value "10MB" substituted for "${LOG_FILE_MAX_SIZE}"
20:40:30,060 |-INFO in ch.qos.logback.core.model.processor.ModelInterpretationContext@69fb6037 - value "30" substituted for "${LOG_FILE_MAX_HISTORY}"
20:40:30,064 |-INFO in c.q.l.core.rolling.SizeAndTimeBasedRollingPolicy@57497692 - setting totalSizeCap to 1 GB
20:40:30,068 |-INFO in c.q.l.core.rolling.SizeAndTimeBasedRollingPolicy@57497692 - Archive files will be limited to [10 MB] each.
20:40:30,070 |-INFO in c.q.l.core.rolling.SizeAndTimeBasedRollingPolicy@57497692 - No compression will be used
20:40:30,070 |-INFO in c.q.l.core.rolling.SizeAndTimeBasedRollingPolicy@57497692 - Will use the pattern ./logs/ms-solicitudes-%d{yyyy-MM-dd}.%i.log for the active file
20:40:30,091 |-INFO in ch.qos.logback.core.rolling.SizeAndTimeBasedFileNamingAndTriggeringPolicy@87a85e1 - The date pattern is 'yyyy-MM-dd' from file name pattern './logs/ms-solicitudes-%d{yyyy-MM-dd}.%i.log'.
20:40:30,091 |-INFO in ch.qos.logback.core.rolling.SizeAndTimeBasedFileNamingAndTriggeringPolicy@87a85e1 - Roll-over at midnight.
20:40:30,101 |-INFO in ch.qos.logback.core.rolling.SizeAndTimeBasedFileNamingAndTriggeringPolicy@87a85e1 - Setting initial period to 2025-11-16T20:38:30.784Z
20:40:30,105 |-INFO in ch.qos.logback.core.rolling.RollingFileAppender[FILE] - Active log file name: ./logs/ms-solicitudes.log
20:40:30,105 |-INFO in ch.qos.logback.core.rolling.RollingFileAppender[FILE] - File property is set to [./logs/ms-solicitudes.log]
20:40:30,106 |-INFO in ch.qos.logback.core.model.processor.AppenderModelHandler - Processing appender named [ASYNC_FILE]
20:40:30,106 |-INFO in ch.qos.logback.core.model.processor.AppenderModelHandler - About to instantiate appender of type [ch.qos.logback.classic.AsyncAppender]
20:40:30,108 |-INFO in ch.qos.logback.core.model.processor.AppenderRefModelHandler - Attaching appender named [FILE] to ch.qos.logback.classic.AsyncAppender[ASYNC_FILE]
20:40:30,108 |-INFO in ch.qos.logback.classic.AsyncAppender[ASYNC_FILE] - Attaching appender named [FILE] to AsyncAppender.
20:40:30,109 |-INFO in ch.qos.logback.classic.AsyncAppender[ASYNC_FILE] - Setting discardingThreshold to 0
20:40:30,109 |-INFO in ch.qos.logback.classic.model.processor.LoggerModelHandler - Setting level of logger [com.tpi.solicitudes] to DEBUG
20:40:30,109 |-INFO in ch.qos.logback.classic.model.processor.LoggerModelHandler - Setting level of logger [org.springframework.web] to INFO
20:40:30,109 |-INFO in ch.qos.logback.classic.model.processor.LoggerModelHandler - Setting level of logger [org.springframework.security] to DEBUG
20:40:30,109 |-INFO in ch.qos.logback.classic.model.processor.LoggerModelHandler - Setting level of logger [org.springframework.boot.actuate] to INFO
20:40:30,109 |-INFO in ch.qos.logback.classic.model.processor.LoggerModelHandler - Setting level of logger [org.hibernate] to INFO
20:40:30,109 |-INFO in ch.qos.logback.classic.model.processor.LoggerModelHandler - Setting level of logger [org.postgresql] to INFO
20:40:30,109 |-INFO in ch.qos.logback.classic.model.processor.RootLoggerModelHandler - Setting level of ROOT logger to INFO
20:40:30,110 |-INFO in ch.qos.logback.core.model.processor.AppenderRefModelHandler - Attaching appender named [CONSOLE] to Logger[ROOT]
20:40:30,110 |-INFO in ch.qos.logback.core.model.processor.AppenderRefModelHandler - Attaching appender named [ASYNC_FILE] to Logger[ROOT]
20:40:30,110 |-INFO in ch.qos.logback.core.model.processor.DefaultProcessor@671a5887 - End of configuration.
20:40:30,110 |-INFO in ch.qos.logback.classic.joran.JoranConfigurator@5552768b - Registering current configuration as safe fallback point
20:40:30,111 |-INFO in ch.qos.logback.classic.util.ContextInitializer@757acd7b - ch.qos.logback.classic.util.DefaultJoranConfigurator.configure() call lasted 275 milliseconds. ExecutionStatus=DO_NOT_INVOKE_NEXT_IF_ANY

20:40:30,466 |-INFO in ConfigurationWatchList(mainURL=jar:nested:/C:/Users/juanc/Desktop/backend1/ms-solicitudes/target/ms-solicitudes-0.0.1-SNAPSHOT.jar/!BOOT-INF/classes/!/logback.xml, fileWatchList={}, urlWatchList=[}) - URL [jar:nested:/C:/Users/juanc/Desktop/backend1/ms-solicitudes/target/ms-solicitudes-0.0.1-SNAPSHOT.jar/!BOOT-INF/classes/!/logback.xml] is not of type file
20:40:30,476 |-INFO in ch.qos.logback.core.model.processor.ModelInterpretationContext@a8c1f44 - value "C:\Users\juanc\AppData\Local\Temp\/spring.log" substituted for "${LOG_FILE:-${LOG_PATH:-${LOG_TEMP:-${java.io.tmpdir:-/tmp}}/}spring.log}"
20:40:30,481 |-INFO in ch.qos.logback.core.model.processor.AppenderModelHandler - Processing appender named [CONSOLE]
20:40:30,481 |-INFO in ch.qos.logback.core.model.processor.AppenderModelHandler - About to instantiate appender of type [ch.qos.logback.core.ConsoleAppender]
20:40:30,482 |-WARN in ch.qos.logback.core.ConsoleAppender[CONSOLE] - This appender no longer admits a layout as a sub-component, set an encoder instead.
20:40:30,482 |-WARN in ch.qos.logback.core.ConsoleAppender[CONSOLE] - To ensure compatibility, wrapping your layout in LayoutWrappingEncoder.
20:40:30,482 |-WARN in ch.qos.logback.core.ConsoleAppender[CONSOLE] - See also http://logback.qos.ch/codes.html#layoutInsteadOfEncoder for details
20:40:30,482 |-INFO in ch.qos.logback.core.model.processor.AppenderModelHandler - Processing appender named [FILE]
20:40:30,482 |-INFO in ch.qos.logback.core.model.processor.AppenderModelHandler - About to instantiate appender of type [ch.qos.logback.core.rolling.RollingFileAppender]
20:40:30,482 |-INFO in ch.qos.logback.core.model.processor.ModelInterpretationContext@a8c1f44 - value "./logs/ms-solicitudes.log" substituted for "${LOG_DIR}/ms-solicitudes.log"
20:40:30,482 |-INFO in ch.qos.logback.core.model.processor.ImplicitModelHandler - Assuming default type [ch.qos.logback.classic.encoder.PatternLayoutEncoder] for [encoder] property
20:40:30,483 |-INFO in ch.qos.logback.core.model.processor.ModelInterpretationContext@a8c1f44 - value "./logs/ms-solicitudes-%d{yyyy-MM-dd}.%i.log" substituted for "${LOG_DIR}/ms-solicitudes-%d{yyyy-MM-dd}.%i.log"
20:40:30,483 |-INFO in ch.qos.logback.core.model.processor.ModelInterpretationContext@a8c1f44 - value "10MB" substituted for "${LOG_FILE_MAX_SIZE}"
20:40:30,483 |-INFO in ch.qos.logback.core.model.processor.ModelInterpretationContext@a8c1f44 - value "30" substituted for "${LOG_FILE_MAX_HISTORY}"
20:40:30,483 |-INFO in c.q.l.core.rolling.SizeAndTimeBasedRollingPolicy@353023213 - setting totalSizeCap to 1 GB
20:40:30,483 |-INFO in c.q.l.core.rolling.SizeAndTimeBasedRollingPolicy@353023213 - Archive files will be limited to [10 MB] each.
20:40:30,484 |-INFO in c.q.l.core.rolling.SizeAndTimeBasedRollingPolicy@353023213 - No compression will be used
20:40:30,484 |-INFO in c.q.l.core.rolling.SizeAndTimeBasedRollingPolicy@353023213 - Will use the pattern ./logs/ms-solicitudes-%d{yyyy-MM-dd}.%i.log for the active file
20:40:30,484 |-INFO in ch.qos.logback.core.rolling.SizeAndTimeBasedFileNamingAndTriggeringPolicy@3c435123 - The date pattern is 'yyyy-MM-dd' from file name pattern './logs/ms-solicitudes-%d{yyyy-MM-dd}.%i.log'.
20:40:30,484 |-INFO in ch.qos.logback.core.rolling.SizeAndTimeBasedFileNamingAndTriggeringPolicy@3c435123 - Roll-over at midnight.
20:40:30,484 |-INFO in ch.qos.logback.core.rolling.SizeAndTimeBasedFileNamingAndTriggeringPolicy@3c435123 - Setting initial period to 2025-11-16T20:38:30.784Z
20:40:30,485 |-INFO in ch.qos.logback.core.rolling.RollingFileAppender[FILE] - Active log file name: ./logs/ms-solicitudes.log
20:40:30,485 |-INFO in ch.qos.logback.core.rolling.RollingFileAppender[FILE] - File property is set to [./logs/ms-solicitudes.log]
20:40:30,485 |-INFO in ch.qos.logback.core.model.processor.AppenderModelHandler - Processing appender named [ASYNC_FILE]
20:40:30,485 |-INFO in ch.qos.logback.core.model.processor.AppenderModelHandler - About to instantiate appender of type [ch.qos.logback.classic.AsyncAppender]
20:40:30,485 |-INFO in ch.qos.logback.core.model.processor.AppenderRefModelHandler - Attaching appender named [FILE] to ch.qos.logback.classic.AsyncAppender[ASYNC_FILE]
20:40:30,485 |-INFO in ch.qos.logback.classic.AsyncAppender[ASYNC_FILE] - Attaching appender named [FILE] to AsyncAppender.
20:40:30,485 |-INFO in ch.qos.logback.classic.AsyncAppender[ASYNC_FILE] - Setting discardingThreshold to 0
20:40:30,485 |-INFO in ch.qos.logback.classic.model.processor.LoggerModelHandler - Setting level of logger [com.tpi.solicitudes] to DEBUG
20:40:30,485 |-INFO in ch.qos.logback.classic.jul.LevelChangePropagator@50fe837a - Propagating DEBUG level on Logger[com.tpi.solicitudes] onto the JUL framework
20:40:30,486 |-INFO in ch.qos.logback.classic.model.processor.LoggerModelHandler - Setting level of logger [org.springframework.web] to INFO
20:40:30,486 |-INFO in ch.qos.logback.classic.jul.LevelChangePropagator@50fe837a - Propagating INFO level on Logger[org.springframework.web] onto the JUL framework
20:40:30,486 |-INFO in ch.qos.logback.classic.model.processor.LoggerModelHandler - Setting level of logger [org.springframework.security] to DEBUG
20:40:30,486 |-INFO in ch.qos.logback.classic.jul.LevelChangePropagator@50fe837a - Propagating DEBUG level on Logger[org.springframework.security] onto the JUL framework
20:40:30,486 |-INFO in ch.qos.logback.classic.model.processor.LoggerModelHandler - Setting level of logger [org.springframework.boot.actuate] to INFO
20:40:30,486 |-INFO in ch.qos.logback.classic.jul.LevelChangePropagator@50fe837a - Propagating INFO level on Logger[org.springframework.boot.actuate] onto the JUL framework
20:40:30,486 |-INFO in ch.qos.logback.classic.model.processor.LoggerModelHandler - Setting level of logger [org.hibernate] to INFO
20:40:30,486 |-INFO in ch.qos.logback.classic.jul.LevelChangePropagator@50fe837a - Propagating INFO level on Logger[org.hibernate] onto the JUL framework
20:40:30,486 |-INFO in ch.qos.logback.classic.model.processor.LoggerModelHandler - Setting level of logger [org.postgresql] to INFO
20:40:30,486 |-INFO in ch.qos.logback.classic.jul.LevelChangePropagator@50fe837a - Propagating INFO level on Logger[org.postgresql] onto the JUL framework
20:40:30,486 |-INFO in ch.qos.logback.classic.model.processor.RootLoggerModelHandler - Setting level of ROOT logger to INFO
20:40:30,486 |-INFO in ch.qos.logback.classic.jul.LevelChangePropagator@50fe837a - Propagating INFO level on Logger[ROOT] onto the JUL framework
20:40:30,486 |-INFO in ch.qos.logback.core.model.processor.AppenderRefModelHandler - Attaching appender named [CONSOLE] to Logger[ROOT]
20:40:30,486 |-INFO in ch.qos.logback.core.model.processor.AppenderRefModelHandler - Attaching appender named [ASYNC_FILE] to Logger[ROOT]
20:40:30,486 |-INFO in ch.qos.logback.core.model.processor.DefaultProcessor@3a62c01e - End of configuration.
20:40:30,486 |-INFO in org.springframework.boot.logging.logback.SpringBootJoranConfigurator@7a8fa663 - Registering current configuration as safe fallback point


  .   ____          _            __ _ _
 /\\ / ___'_ __ _ _(_)_ __  __ _ \ \ \ \
( ( )\___ | '_ | '_| | '_ \/ _` | \ \ \ \
 \\/  ___)| |_)| | | | | || (_| |  ) ) ) )
  '  |____| .__|_| |_|_| |_\__, | / / / /
 =========|_|==============|___/=/_/_/_/

 :: Spring Boot ::                (v3.3.5)

20:40:30.540 [background-preinit] INFO  o.h.validator.internal.util.Version - HV000001: Hibernate Validator 8.0.1.Final
20:40:30.626 [main] INFO  c.t.s.MsSolicitudesApplication - Starting MsSolicitudesApplication v0.0.1-SNAPSHOT using Java 21.0.7 with PID 8856 (C:\Users\juanc\Desktop\backend1\ms-solicitudes\target\ms-solicitudes-0.0.1-SNAPSHOT.jar started by juanc in C:\Users\juanc\Desktop\backend1\ms-solicitudes)
20:40:30.627 [main] DEBUG c.t.s.MsSolicitudesApplication - Running with Spring Boot v3.3.5, Spring v6.1.14
20:40:30.628 [main] INFO  c.t.s.MsSolicitudesApplication - No active profile set, falling back to 1 default profile: "default"
20:40:31.959 [main] INFO  o.s.d.r.c.RepositoryConfigurationDelegate - Bootstrapping Spring Data JPA repositories in DEFAULT mode.
20:40:32.154 [main] INFO  o.s.d.r.c.RepositoryConfigurationDelegate - Finished Spring Data repository scanning in 183 ms. Found 3 JPA repository interfaces.
20:40:33.029 [main] INFO  o.s.b.w.e.tomcat.TomcatWebServer - Tomcat initialized with port 8082 (http)
20:40:33.060 [main] INFO  o.a.coyote.http11.Http11NioProtocol - Initializing ProtocolHandler ["http-nio-8082"]
20:40:33.067 [main] INFO  o.a.catalina.core.StandardService - Starting service [Tomcat]
20:40:33.068 [main] INFO  o.a.catalina.core.StandardEngine - Starting Servlet engine: [Apache Tomcat/10.1.31]
20:40:33.125 [main] INFO  o.a.c.c.C.[Tomcat].[localhost].[/] - Initializing Spring embedded WebApplicationContext
20:40:33.126 [main] INFO  o.s.b.w.s.c.ServletWebServerApplicationContext - Root WebApplicationContext: initialization completed in 2447 ms
20:40:33.551 [main] INFO  o.h.jpa.internal.util.LogHelper - HHH000204: Processing PersistenceUnitInfo [name: default]
20:40:33.644 [main] INFO  org.hibernate.Version - HHH000412: Hibernate ORM core version 6.5.3.Final
20:40:33.684 [main] INFO  o.h.c.i.RegionFactoryInitiator - HHH000026: Second-level cache disabled
20:40:33.952 [main] INFO  o.s.o.j.p.SpringPersistenceUnitInfo - No LoadTimeWeaver setup: ignoring JPA class transformer
20:40:33.979 [main] INFO  com.zaxxer.hikari.HikariDataSource - HikariPool-1 - Starting...
20:40:34.155 [main] INFO  com.zaxxer.hikari.pool.HikariPool - HikariPool-1 - Added connection org.postgresql.jdbc.PgConnection@4f82248f
20:40:34.157 [main] INFO  com.zaxxer.hikari.HikariDataSource - HikariPool-1 - Start completed.
20:40:34.183 [main] WARN  org.hibernate.orm.deprecation - HHH90000025: PostgreSQLDialect does not need to be specified explicitly using 'hibernate.dialect' (remove the property setting and it will be selected by default)
20:40:35.192 [main] INFO  o.h.e.t.j.p.i.JtaPlatformInitiator - HHH000489: No JTA platform available (set 'hibernate.transaction.jta.platform' to enable JTA platform integration)
20:40:35.195 [main] INFO  o.s.o.j.LocalContainerEntityManagerFactoryBean - Initialized JPA EntityManagerFactory for persistence unit 'default'
20:40:36.044 [main] DEBUG o.s.s.c.a.a.c.AuthenticationConfiguration$DefaultPasswordEncoderAuthenticationManagerBuilder - No authenticationProviders and no parentAuthenticationManager defined. Returning null.
20:40:36.341 [main] DEBUG o.s.s.web.DefaultSecurityFilterChain - Will secure any request with filters: DisableEncodeUrlFilter, WebAsyncManagerIntegrationFilter, SecurityContextHolderFilter, HeaderWriterFilter, LogoutFilter, RequestCacheAwareFilter, SecurityContextHolderAwareRequestFilter, AnonymousAuthenticationFilter, SessionManagementFilter, ExceptionTranslationFilter, AuthorizationFilter
20:40:36.806 [main] INFO  o.a.coyote.http11.Http11NioProtocol - Starting ProtocolHandler ["http-nio-8082"]
20:40:38.844 [main] WARN  o.s.b.w.s.c.AnnotationConfigServletWebServerApplicationContext - Exception encountered during context initialization - cancelling refresh attempt: org.springframework.context.ApplicationContextException: Failed to start bean 'webServerStartStop'
20:40:38.846 [main] INFO  o.s.o.j.LocalContainerEntityManagerFactoryBean - Closing JPA EntityManagerFactory for persistence unit 'default'
20:40:38.848 [main] INFO  com.zaxxer.hikari.HikariDataSource - HikariPool-1 - Shutdown initiated...
20:40:38.850 [main] INFO  com.zaxxer.hikari.HikariDataSource - HikariPool-1 - Shutdown completed.
20:40:38.862 [main] INFO  o.s.b.a.l.ConditionEvaluationReportLogger - 

Error starting ApplicationContext. To display the condition evaluation report re-run your application with 'debug' enabled.
20:40:38.875 [main] ERROR o.s.b.d.LoggingFailureAnalysisReporter - 

***************************
APPLICATION FAILED TO START
***************************

Description:

Web server failed to start. Port 8082 was already in use.

Action:

Identify and stop the process that's listening on port 8082 or configure this application to listen on another port.

