2025-11-16 00:03:07.376 [SpringApplicationShutdownHook] INFO  o.s.o.j.LocalContainerEntityManagerFactoryBean - Closing JPA EntityManagerFactory for persistence unit 'default'
2025-11-16 00:03:07.419 [SpringApplicationShutdownHook] INFO  com.zaxxer.hikari.HikariDataSource - HikariPool-1 - Shutdown initiated...
2025-11-16 00:03:07.427 [SpringApplicationShutdownHook] INFO  com.zaxxer.hikari.HikariDataSource - HikariPool-1 - Shutdown completed.
2025-11-16 12:24:39.730 [background-preinit] INFO  o.h.validator.internal.util.Version - HV000001: Hibernate Validator 8.0.1.Final
2025-11-16 12:24:39.895 [main] INFO  c.t.s.MsSolicitudesApplication - Starting MsSolicitudesApplication v0.0.1-SNAPSHOT using Java 21.0.7 with PID 10308 (D:\Users\Usuario\Desktop\backend1\ms-solicitudes\target\ms-solicitudes-0.0.1-SNAPSHOT.jar started by Usuario- in D:\Users\Usuario\Desktop\backend1)
2025-11-16 12:24:39.910 [main] DEBUG c.t.s.MsSolicitudesApplication - Running with Spring Boot v3.3.5, Spring v6.1.14
2025-11-16 12:24:39.916 [main] INFO  c.t.s.MsSolicitudesApplication - No active profile set, falling back to 1 default profile: "default"
2025-11-16 12:24:42.355 [main] INFO  o.s.d.r.c.RepositoryConfigurationDelegate - Bootstrapping Spring Data JPA repositories in DEFAULT mode.
2025-11-16 12:24:42.737 [main] INFO  o.s.d.r.c.RepositoryConfigurationDelegate - Finished Spring Data repository scanning in 354 ms. Found 3 JPA repository interfaces.
2025-11-16 12:24:44.123 [main] INFO  o.s.b.w.e.tomcat.TomcatWebServer - Tomcat initialized with port 8082 (http)
2025-11-16 12:24:44.148 [main] INFO  o.a.coyote.http11.Http11NioProtocol - Initializing ProtocolHandler ["http-nio-8082"]
2025-11-16 12:24:44.155 [main] INFO  o.a.catalina.core.StandardService - Starting service [Tomcat]
2025-11-16 12:24:44.156 [main] INFO  o.a.catalina.core.StandardEngine - Starting Servlet engine: [Apache Tomcat/10.1.31]
2025-11-16 12:24:44.220 [main] INFO  o.a.c.c.C.[Tomcat].[localhost].[/] - Initializing Spring embedded WebApplicationContext
2025-11-16 12:24:44.221 [main] INFO  o.s.b.w.s.c.ServletWebServerApplicationContext - Root WebApplicationContext: initialization completed in 4225 ms
2025-11-16 12:24:44.501 [main] INFO  o.h.jpa.internal.util.LogHelper - HHH000204: Processing PersistenceUnitInfo [name: default]
2025-11-16 12:24:44.717 [main] INFO  org.hibernate.Version - HHH000412: Hibernate ORM core version 6.5.3.Final
2025-11-16 12:24:44.817 [main] INFO  o.h.c.i.RegionFactoryInitiator - HHH000026: Second-level cache disabled
2025-11-16 12:24:45.308 [main] INFO  o.s.o.j.p.SpringPersistenceUnitInfo - No LoadTimeWeaver setup: ignoring JPA class transformer
2025-11-16 12:24:45.350 [main] INFO  com.zaxxer.hikari.HikariDataSource - HikariPool-1 - Starting...
2025-11-16 12:24:45.645 [main] INFO  com.zaxxer.hikari.pool.HikariPool - HikariPool-1 - Added connection org.postgresql.jdbc.PgConnection@5e9ea380
2025-11-16 12:24:45.648 [main] INFO  com.zaxxer.hikari.HikariDataSource - HikariPool-1 - Start completed.
2025-11-16 12:24:45.691 [main] WARN  org.hibernate.orm.deprecation - HHH90000025: PostgreSQLDialect does not need to be specified explicitly using 'hibernate.dialect' (remove the property setting and it will be selected by default)
2025-11-16 12:24:47.165 [main] INFO  o.h.e.t.j.p.i.JtaPlatformInitiator - HHH000489: No JTA platform available (set 'hibernate.transaction.jta.platform' to enable JTA platform integration)
2025-11-16 12:24:47.169 [main] INFO  o.s.o.j.LocalContainerEntityManagerFactoryBean - Initialized JPA EntityManagerFactory for persistence unit 'default'
2025-11-16 12:24:49.617 [main] DEBUG o.s.s.c.a.a.c.AuthenticationConfiguration$DefaultPasswordEncoderAuthenticationManagerBuilder - No authenticationProviders and no parentAuthenticationManager defined. Returning null.
2025-11-16 12:24:50.344 [main] DEBUG o.s.s.w.DefaultSecurityFilterChain - Will secure any request with filters: DisableEncodeUrlFilter, WebAsyncManagerIntegrationFilter, SecurityContextHolderFilter, HeaderWriterFilter, LogoutFilter, RequestCacheAwareFilter, SecurityContextHolderAwareRequestFilter, AnonymousAuthenticationFilter, SessionManagementFilter, ExceptionTranslationFilter, AuthorizationFilter
2025-11-16 12:24:51.500 [main] INFO  o.a.coyote.http11.Http11NioProtocol - Starting ProtocolHandler ["http-nio-8082"]
2025-11-16 12:24:51.520 [main] INFO  o.s.b.w.e.tomcat.TomcatWebServer - Tomcat started on port 8082 (http) with context path '/'
2025-11-16 12:24:51.538 [main] INFO  c.t.s.MsSolicitudesApplication - Started MsSolicitudesApplication in 12.502 seconds (process running for 14.012)
2025-11-16 12:25:45.061 [SpringApplicationShutdownHook] INFO  o.s.o.j.LocalContainerEntityManagerFactoryBean - Closing JPA EntityManagerFactory for persistence unit 'default'
2025-11-16 12:25:45.101 [SpringApplicationShutdownHook] INFO  com.zaxxer.hikari.HikariDataSource - HikariPool-1 - Shutdown initiated...
2025-11-16 12:25:45.110 [SpringApplicationShutdownHook] INFO  com.zaxxer.hikari.HikariDataSource - HikariPool-1 - Shutdown completed.
2025-11-16 12:33:33.897 [background-preinit] INFO  o.h.validator.internal.util.Version - HV000001: Hibernate Validator 8.0.1.Final
2025-11-16 12:33:34.017 [main] INFO  c.t.s.MsSolicitudesApplication - Starting MsSolicitudesApplication v0.0.1-SNAPSHOT using Java 21.0.7 with PID 2212 (D:\Users\Usuario\Desktop\backend1\ms-solicitudes\target\ms-solicitudes-0.0.1-SNAPSHOT.jar started by Usuario- in D:\Users\Usuario\Desktop\backend1)
2025-11-16 12:33:34.023 [main] DEBUG c.t.s.MsSolicitudesApplication - Running with Spring Boot v3.3.5, Spring v6.1.14
2025-11-16 12:33:34.026 [main] INFO  c.t.s.MsSolicitudesApplication - No active profile set, falling back to 1 default profile: "default"
2025-11-16 12:33:36.756 [main] INFO  o.s.d.r.c.RepositoryConfigurationDelegate - Bootstrapping Spring Data JPA repositories in DEFAULT mode.
2025-11-16 12:33:37.311 [main] INFO  o.s.d.r.c.RepositoryConfigurationDelegate - Finished Spring Data repository scanning in 529 ms. Found 3 JPA repository interfaces.
2025-11-16 12:33:40.805 [main] INFO  o.s.b.w.e.tomcat.TomcatWebServer - Tomcat initialized with port 8082 (http)
2025-11-16 12:33:40.846 [main] INFO  o.a.coyote.http11.Http11NioProtocol - Initializing ProtocolHandler ["http-nio-8082"]
2025-11-16 12:33:40.854 [main] INFO  o.a.catalina.core.StandardService - Starting service [Tomcat]
2025-11-16 12:33:40.860 [main] INFO  o.a.catalina.core.StandardEngine - Starting Servlet engine: [Apache Tomcat/10.1.31]
2025-11-16 12:33:40.973 [main] INFO  o.a.c.c.C.[Tomcat].[localhost].[/] - Initializing Spring embedded WebApplicationContext
2025-11-16 12:33:40.999 [main] INFO  o.s.b.w.s.c.ServletWebServerApplicationContext - Root WebApplicationContext: initialization completed in 6879 ms
2025-11-16 12:33:41.800 [main] INFO  o.h.jpa.internal.util.LogHelper - HHH000204: Processing PersistenceUnitInfo [name: default]
2025-11-16 12:33:41.985 [main] INFO  org.hibernate.Version - HHH000412: Hibernate ORM core version 6.5.3.Final
2025-11-16 12:33:42.055 [main] INFO  o.h.c.i.RegionFactoryInitiator - HHH000026: Second-level cache disabled
2025-11-16 12:33:43.054 [main] INFO  o.s.o.j.p.SpringPersistenceUnitInfo - No LoadTimeWeaver setup: ignoring JPA class transformer
2025-11-16 12:33:43.132 [main] INFO  com.zaxxer.hikari.HikariDataSource - HikariPool-1 - Starting...
2025-11-16 12:33:43.650 [main] INFO  com.zaxxer.hikari.pool.HikariPool - HikariPool-1 - Added connection org.postgresql.jdbc.PgConnection@1e50eb3f
2025-11-16 12:33:43.660 [main] INFO  com.zaxxer.hikari.HikariDataSource - HikariPool-1 - Start completed.
2025-11-16 12:33:43.725 [main] WARN  org.hibernate.orm.deprecation - HHH90000025: PostgreSQLDialect does not need to be specified explicitly using 'hibernate.dialect' (remove the property setting and it will be selected by default)
2025-11-16 12:33:45.973 [main] INFO  o.h.e.t.j.p.i.JtaPlatformInitiator - HHH000489: No JTA platform available (set 'hibernate.transaction.jta.platform' to enable JTA platform integration)
2025-11-16 12:33:45.980 [main] INFO  o.s.o.j.LocalContainerEntityManagerFactoryBean - Initialized JPA EntityManagerFactory for persistence unit 'default'
2025-11-16 12:33:48.521 [main] DEBUG o.s.s.c.a.a.c.AuthenticationConfiguration$DefaultPasswordEncoderAuthenticationManagerBuilder - No authenticationProviders and no parentAuthenticationManager defined. Returning null.
2025-11-16 12:33:49.133 [main] DEBUG o.s.s.w.DefaultSecurityFilterChain - Will secure any request with filters: DisableEncodeUrlFilter, WebAsyncManagerIntegrationFilter, SecurityContextHolderFilter, HeaderWriterFilter, LogoutFilter, RequestCacheAwareFilter, SecurityContextHolderAwareRequestFilter, AnonymousAuthenticationFilter, SessionManagementFilter, ExceptionTranslationFilter, AuthorizationFilter
2025-11-16 12:33:51.093 [main] INFO  o.a.coyote.http11.Http11NioProtocol - Starting ProtocolHandler ["http-nio-8082"]
2025-11-16 12:33:51.110 [main] INFO  o.s.b.w.e.tomcat.TomcatWebServer - Tomcat started on port 8082 (http) with context path '/'
2025-11-16 12:33:51.141 [main] INFO  c.t.s.MsSolicitudesApplication - Started MsSolicitudesApplication in 18.075 seconds (process running for 19.527)
2025-11-16 12:34:09.500 [SpringApplicationShutdownHook] INFO  o.s.o.j.LocalContainerEntityManagerFactoryBean - Closing JPA EntityManagerFactory for persistence unit 'default'
2025-11-16 12:34:09.503 [SpringApplicationShutdownHook] INFO  com.zaxxer.hikari.HikariDataSource - HikariPool-1 - Shutdown initiated...
2025-11-16 12:34:09.517 [SpringApplicationShutdownHook] INFO  com.zaxxer.hikari.HikariDataSource - HikariPool-1 - Shutdown completed.
2025-11-16 12:40:59.592 [background-preinit] INFO  o.h.validator.internal.util.Version - HV000001: Hibernate Validator 8.0.1.Final
2025-11-16 12:41:00.312 [main] INFO  c.t.s.MsSolicitudesApplication - Starting MsSolicitudesApplication v0.0.1-SNAPSHOT using Java 21.0.7 with PID 15636 (D:\Users\Usuario\Desktop\backend1\ms-solicitudes\target\ms-solicitudes-0.0.1-SNAPSHOT.jar started by Usuario- in D:\Users\Usuario\Desktop\backend1)
2025-11-16 12:41:00.318 [main] DEBUG c.t.s.MsSolicitudesApplication - Running with Spring Boot v3.3.5, Spring v6.1.14
2025-11-16 12:41:00.319 [main] INFO  c.t.s.MsSolicitudesApplication - No active profile set, falling back to 1 default profile: "default"
2025-11-16 12:41:04.726 [main] INFO  o.s.d.r.c.RepositoryConfigurationDelegate - Bootstrapping Spring Data JPA repositories in DEFAULT mode.
2025-11-16 12:41:05.115 [main] INFO  o.s.d.r.c.RepositoryConfigurationDelegate - Finished Spring Data repository scanning in 370 ms. Found 3 JPA repository interfaces.
2025-11-16 12:41:07.439 [main] INFO  o.s.b.w.e.tomcat.TomcatWebServer - Tomcat initialized with port 8082 (http)
2025-11-16 12:41:07.483 [main] INFO  o.a.coyote.http11.Http11NioProtocol - Initializing ProtocolHandler ["http-nio-8082"]
2025-11-16 12:41:07.499 [main] INFO  o.a.catalina.core.StandardService - Starting service [Tomcat]
2025-11-16 12:41:07.500 [main] INFO  o.a.catalina.core.StandardEngine - Starting Servlet engine: [Apache Tomcat/10.1.31]
2025-11-16 12:41:07.642 [main] INFO  o.a.c.c.C.[Tomcat].[localhost].[/] - Initializing Spring embedded WebApplicationContext
2025-11-16 12:41:07.651 [main] INFO  o.s.b.w.s.c.ServletWebServerApplicationContext - Root WebApplicationContext: initialization completed in 7245 ms
2025-11-16 12:41:08.159 [main] INFO  o.h.jpa.internal.util.LogHelper - HHH000204: Processing PersistenceUnitInfo [name: default]
2025-11-16 12:41:08.415 [main] INFO  org.hibernate.Version - HHH000412: Hibernate ORM core version 6.5.3.Final
2025-11-16 12:41:08.535 [main] INFO  o.h.c.i.RegionFactoryInitiator - HHH000026: Second-level cache disabled
2025-11-16 12:41:09.211 [main] INFO  o.s.o.j.p.SpringPersistenceUnitInfo - No LoadTimeWeaver setup: ignoring JPA class transformer
2025-11-16 12:41:09.345 [main] INFO  com.zaxxer.hikari.HikariDataSource - HikariPool-1 - Starting...
2025-11-16 12:41:09.849 [main] INFO  com.zaxxer.hikari.pool.HikariPool - HikariPool-1 - Added connection org.postgresql.jdbc.PgConnection@4ac7856f
2025-11-16 12:41:09.866 [main] INFO  com.zaxxer.hikari.HikariDataSource - HikariPool-1 - Start completed.
2025-11-16 12:41:09.960 [main] WARN  org.hibernate.orm.deprecation - HHH90000025: PostgreSQLDialect does not need to be specified explicitly using 'hibernate.dialect' (remove the property setting and it will be selected by default)
2025-11-16 12:41:12.478 [main] INFO  o.h.e.t.j.p.i.JtaPlatformInitiator - HHH000489: No JTA platform available (set 'hibernate.transaction.jta.platform' to enable JTA platform integration)
2025-11-16 12:41:12.483 [main] INFO  o.s.o.j.LocalContainerEntityManagerFactoryBean - Initialized JPA EntityManagerFactory for persistence unit 'default'
2025-11-16 12:41:14.419 [main] WARN  o.s.b.w.s.c.AnnotationConfigServletWebServerApplicationContext - Exception encountered during context initialization - cancelling refresh attempt: org.springframework.beans.factory.UnsatisfiedDependencyException: Error creating bean with name 'tramoService' defined in URL [jar:nested:/D:/Users/Usuario/Desktop/backend1/ms-solicitudes/target/ms-solicitudes-0.0.1-SNAPSHOT.jar/!BOOT-INF/classes/!/com/tpi/solicitudes/service/TramoService.class]: Unsatisfied dependency expressed through constructor parameter 2: No qualifying bean of type 'com.tpi.solicitudes.client.LogisticaClient' available: expected at least 1 bean which qualifies as autowire candidate. Dependency annotations: {}
2025-11-16 12:41:14.456 [main] INFO  o.s.o.j.LocalContainerEntityManagerFactoryBean - Closing JPA EntityManagerFactory for persistence unit 'default'
2025-11-16 12:41:14.491 [main] INFO  com.zaxxer.hikari.HikariDataSource - HikariPool-1 - Shutdown initiated...
2025-11-16 12:41:14.633 [main] INFO  com.zaxxer.hikari.HikariDataSource - HikariPool-1 - Shutdown completed.
2025-11-16 12:41:14.765 [main] INFO  o.a.catalina.core.StandardService - Stopping service [Tomcat]
2025-11-16 12:41:14.866 [main] INFO  o.s.b.a.l.ConditionEvaluationReportLogger - 

Error starting ApplicationContext. To display the condition evaluation report re-run your application with 'debug' enabled.
2025-11-16 12:41:14.982 [main] ERROR o.s.b.d.LoggingFailureAnalysisReporter - 

***************************
APPLICATION FAILED TO START
***************************

Description:

Parameter 2 of constructor in com.tpi.solicitudes.service.TramoService required a bean of type 'com.tpi.solicitudes.client.LogisticaClient' that could not be found.


Action:

Consider defining a bean of type 'com.tpi.solicitudes.client.LogisticaClient' in your configuration.

2025-11-16 12:45:15.382 [background-preinit] INFO  o.h.validator.internal.util.Version - HV000001: Hibernate Validator 8.0.1.Final
2025-11-16 12:45:16.492 [main] INFO  c.t.s.MsSolicitudesApplication - Starting MsSolicitudesApplication v0.0.1-SNAPSHOT using Java 21.0.7 with PID 4480 (D:\Users\Usuario\Desktop\backend1\ms-solicitudes\target\ms-solicitudes-0.0.1-SNAPSHOT.jar started by Usuario- in D:\Users\Usuario\Desktop\backend1)
2025-11-16 12:45:16.791 [main] DEBUG c.t.s.MsSolicitudesApplication - Running with Spring Boot v3.3.5, Spring v6.1.14
2025-11-16 12:45:16.978 [main] INFO  c.t.s.MsSolicitudesApplication - No active profile set, falling back to 1 default profile: "default"
2025-11-16 12:45:21.583 [main] INFO  o.s.d.r.c.RepositoryConfigurationDelegate - Bootstrapping Spring Data JPA repositories in DEFAULT mode.
2025-11-16 12:45:22.246 [main] INFO  o.s.d.r.c.RepositoryConfigurationDelegate - Finished Spring Data repository scanning in 592 ms. Found 3 JPA repository interfaces.
2025-11-16 12:45:25.303 [main] INFO  o.s.b.w.e.tomcat.TomcatWebServer - Tomcat initialized with port 8082 (http)
2025-11-16 12:45:25.400 [main] INFO  o.a.coyote.http11.Http11NioProtocol - Initializing ProtocolHandler ["http-nio-8082"]
2025-11-16 12:45:25.417 [main] INFO  o.a.catalina.core.StandardService - Starting service [Tomcat]
2025-11-16 12:45:25.434 [main] INFO  o.a.catalina.core.StandardEngine - Starting Servlet engine: [Apache Tomcat/10.1.31]
2025-11-16 12:45:25.532 [main] INFO  o.a.c.c.C.[Tomcat].[localhost].[/] - Initializing Spring embedded WebApplicationContext
2025-11-16 12:45:25.542 [main] INFO  o.s.b.w.s.c.ServletWebServerApplicationContext - Root WebApplicationContext: initialization completed in 8288 ms
2025-11-16 12:45:28.342 [main] INFO  o.h.jpa.internal.util.LogHelper - HHH000204: Processing PersistenceUnitInfo [name: default]
2025-11-16 12:45:29.384 [main] INFO  org.hibernate.Version - HHH000412: Hibernate ORM core version 6.5.3.Final
2025-11-16 12:45:29.537 [main] INFO  o.h.c.i.RegionFactoryInitiator - HHH000026: Second-level cache disabled
2025-11-16 12:45:30.485 [main] INFO  o.s.o.j.p.SpringPersistenceUnitInfo - No LoadTimeWeaver setup: ignoring JPA class transformer
2025-11-16 12:45:30.592 [main] INFO  com.zaxxer.hikari.HikariDataSource - HikariPool-1 - Starting...
2025-11-16 12:45:31.144 [main] INFO  com.zaxxer.hikari.pool.HikariPool - HikariPool-1 - Added connection org.postgresql.jdbc.PgConnection@54f69311
2025-11-16 12:45:31.147 [main] INFO  com.zaxxer.hikari.HikariDataSource - HikariPool-1 - Start completed.
2025-11-16 12:45:31.223 [main] WARN  org.hibernate.orm.deprecation - HHH90000025: PostgreSQLDialect does not need to be specified explicitly using 'hibernate.dialect' (remove the property setting and it will be selected by default)
2025-11-16 12:45:35.524 [main] INFO  o.h.e.t.j.p.i.JtaPlatformInitiator - HHH000489: No JTA platform available (set 'hibernate.transaction.jta.platform' to enable JTA platform integration)
2025-11-16 12:45:35.579 [main] INFO  o.s.o.j.LocalContainerEntityManagerFactoryBean - Initialized JPA EntityManagerFactory for persistence unit 'default'
2025-11-16 12:45:37.605 [main] WARN  o.s.b.w.s.c.AnnotationConfigServletWebServerApplicationContext - Exception encountered during context initialization - cancelling refresh attempt: org.springframework.beans.factory.UnsatisfiedDependencyException: Error creating bean with name 'integracionController' defined in URL [jar:nested:/D:/Users/Usuario/Desktop/backend1/ms-solicitudes/target/ms-solicitudes-0.0.1-SNAPSHOT.jar/!BOOT-INF/classes/!/com/tpi/solicitudes/web/IntegracionController.class]: Unsatisfied dependency expressed through constructor parameter 0: No qualifying bean of type 'com.tpi.solicitudes.client.LogisticaClient' available: expected at least 1 bean which qualifies as autowire candidate. Dependency annotations: {}
2025-11-16 12:45:37.685 [main] INFO  o.s.o.j.LocalContainerEntityManagerFactoryBean - Closing JPA EntityManagerFactory for persistence unit 'default'
2025-11-16 12:45:37.715 [main] INFO  com.zaxxer.hikari.HikariDataSource - HikariPool-1 - Shutdown initiated...
2025-11-16 12:45:37.837 [main] INFO  com.zaxxer.hikari.HikariDataSource - HikariPool-1 - Shutdown completed.
2025-11-16 12:45:37.867 [main] INFO  o.a.catalina.core.StandardService - Stopping service [Tomcat]
2025-11-16 12:45:37.888 [main] INFO  o.s.b.a.l.ConditionEvaluationReportLogger - 

Error starting ApplicationContext. To display the condition evaluation report re-run your application with 'debug' enabled.
2025-11-16 12:45:38.045 [main] ERROR o.s.b.d.LoggingFailureAnalysisReporter - 

***************************
APPLICATION FAILED TO START
***************************

Description:

Parameter 0 of constructor in com.tpi.solicitudes.web.IntegracionController required a bean of type 'com.tpi.solicitudes.client.LogisticaClient' that could not be found.


Action:

Consider defining a bean of type 'com.tpi.solicitudes.client.LogisticaClient' in your configuration.

2025-11-16 12:54:07.988 [background-preinit] INFO  o.h.validator.internal.util.Version - HV000001: Hibernate Validator 8.0.1.Final
2025-11-16 12:54:08.102 [main] INFO  c.t.s.MsSolicitudesApplication - Starting MsSolicitudesApplication v0.0.1-SNAPSHOT using Java 21.0.7 with PID 21144 (D:\Users\Usuario\Desktop\backend1\ms-solicitudes\target\ms-solicitudes-0.0.1-SNAPSHOT.jar started by Usuario- in D:\Users\Usuario\Desktop\backend1)
2025-11-16 12:54:08.107 [main] DEBUG c.t.s.MsSolicitudesApplication - Running with Spring Boot v3.3.5, Spring v6.1.14
2025-11-16 12:54:08.111 [main] INFO  c.t.s.MsSolicitudesApplication - No active profile set, falling back to 1 default profile: "default"
2025-11-16 12:54:09.854 [main] INFO  o.s.d.r.c.RepositoryConfigurationDelegate - Bootstrapping Spring Data JPA repositories in DEFAULT mode.
2025-11-16 12:54:10.138 [main] INFO  o.s.d.r.c.RepositoryConfigurationDelegate - Finished Spring Data repository scanning in 271 ms. Found 3 JPA repository interfaces.
2025-11-16 12:54:11.600 [main] INFO  o.s.b.w.e.tomcat.TomcatWebServer - Tomcat initialized with port 8082 (http)
2025-11-16 12:54:11.640 [main] INFO  o.a.coyote.http11.Http11NioProtocol - Initializing ProtocolHandler ["http-nio-8082"]
2025-11-16 12:54:11.667 [main] INFO  o.a.catalina.core.StandardService - Starting service [Tomcat]
2025-11-16 12:54:11.685 [main] INFO  o.a.catalina.core.StandardEngine - Starting Servlet engine: [Apache Tomcat/10.1.31]
2025-11-16 12:54:11.805 [main] INFO  o.a.c.c.C.[Tomcat].[localhost].[/] - Initializing Spring embedded WebApplicationContext
2025-11-16 12:54:11.807 [main] INFO  o.s.b.w.s.c.ServletWebServerApplicationContext - Root WebApplicationContext: initialization completed in 3618 ms
2025-11-16 12:54:12.259 [main] INFO  o.h.jpa.internal.util.LogHelper - HHH000204: Processing PersistenceUnitInfo [name: default]
2025-11-16 12:54:12.360 [main] INFO  org.hibernate.Version - HHH000412: Hibernate ORM core version 6.5.3.Final
2025-11-16 12:54:12.422 [main] INFO  o.h.c.i.RegionFactoryInitiator - HHH000026: Second-level cache disabled
2025-11-16 12:54:12.895 [main] INFO  o.s.o.j.p.SpringPersistenceUnitInfo - No LoadTimeWeaver setup: ignoring JPA class transformer
2025-11-16 12:54:12.940 [main] INFO  com.zaxxer.hikari.HikariDataSource - HikariPool-1 - Starting...
2025-11-16 12:54:13.255 [main] INFO  com.zaxxer.hikari.pool.HikariPool - HikariPool-1 - Added connection org.postgresql.jdbc.PgConnection@54f69311
2025-11-16 12:54:13.258 [main] INFO  com.zaxxer.hikari.HikariDataSource - HikariPool-1 - Start completed.
2025-11-16 12:54:13.314 [main] WARN  org.hibernate.orm.deprecation - HHH90000025: PostgreSQLDialect does not need to be specified explicitly using 'hibernate.dialect' (remove the property setting and it will be selected by default)
2025-11-16 12:54:14.879 [main] INFO  o.h.e.t.j.p.i.JtaPlatformInitiator - HHH000489: No JTA platform available (set 'hibernate.transaction.jta.platform' to enable JTA platform integration)
2025-11-16 12:54:14.884 [main] INFO  o.s.o.j.LocalContainerEntityManagerFactoryBean - Initialized JPA EntityManagerFactory for persistence unit 'default'
2025-11-16 12:54:17.450 [main] DEBUG o.s.s.c.a.a.c.AuthenticationConfiguration$DefaultPasswordEncoderAuthenticationManagerBuilder - No authenticationProviders and no parentAuthenticationManager defined. Returning null.
2025-11-16 12:54:18.254 [main] DEBUG o.s.s.w.DefaultSecurityFilterChain - Will secure any request with filters: DisableEncodeUrlFilter, WebAsyncManagerIntegrationFilter, SecurityContextHolderFilter, HeaderWriterFilter, LogoutFilter, RequestCacheAwareFilter, SecurityContextHolderAwareRequestFilter, AnonymousAuthenticationFilter, SessionManagementFilter, ExceptionTranslationFilter, AuthorizationFilter
2025-11-16 12:54:19.311 [main] INFO  o.a.coyote.http11.Http11NioProtocol - Starting ProtocolHandler ["http-nio-8082"]
2025-11-16 12:54:19.337 [main] INFO  o.s.b.w.e.tomcat.TomcatWebServer - Tomcat started on port 8082 (http) with context path '/'
2025-11-16 12:54:19.357 [main] INFO  c.t.s.MsSolicitudesApplication - Started MsSolicitudesApplication in 11.949 seconds (process running for 13.238)
2025-11-16 12:54:41.868 [SpringApplicationShutdownHook] INFO  o.s.o.j.LocalContainerEntityManagerFactoryBean - Closing JPA EntityManagerFactory for persistence unit 'default'
2025-11-16 12:54:41.926 [SpringApplicationShutdownHook] INFO  com.zaxxer.hikari.HikariDataSource - HikariPool-1 - Shutdown initiated...
2025-11-16 12:54:41.962 [SpringApplicationShutdownHook] INFO  com.zaxxer.hikari.HikariDataSource - HikariPool-1 - Shutdown completed.
